0 info it worked if it ends with ok
1 verbose cli [ 'node', '/usr/local/bin/npm', 'install', '-g', 'cloc' ]
2 info using npm@2.7.4
3 info using node@v0.12.2
4 silly cache add args [ 'cloc', null ]
5 verbose cache add spec cloc
6 silly cache add parsed spec { raw: 'cloc',
6 silly cache add   scope: null,
6 silly cache add   name: 'cloc',
6 silly cache add   rawSpec: '',
6 silly cache add   spec: '*',
6 silly cache add   type: 'range' }
7 verbose addNamed cloc@*
8 silly addNamed semver.valid null
9 silly addNamed semver.validRange *
10 silly addNameRange { name: 'cloc', range: '*', hasData: false }
11 silly mapToRegistry name cloc
12 silly mapToRegistry using default registry
13 silly mapToRegistry registry https://registry.npmjs.org/
14 silly mapToRegistry uri https://registry.npmjs.org/cloc
15 verbose addNameRange registry:https://registry.npmjs.org/cloc not in flight; fetching
16 verbose request uri https://registry.npmjs.org/cloc
17 verbose request no auth needed
18 info attempt registry request try #1 at 2:25:32 PM
19 verbose request id df5a1818137fca8f
20 http request GET https://registry.npmjs.org/cloc
21 http 200 https://registry.npmjs.org/cloc
22 silly get cb [ 200,
22 silly get   { server: 'CouchDB/1.5.0 (Erlang OTP/R16B03)',
22 silly get     etag: '"COMK2XK8Y4I7EH1KPX928MMSI"',
22 silly get     'content-type': 'application/json',
22 silly get     'cache-control': 'max-age=60',
22 silly get     'content-length': '29301',
22 silly get     'accept-ranges': 'bytes',
22 silly get     date: 'Wed, 02 Dec 2015 11:25:34 GMT',
22 silly get     via: '1.1 varnish',
22 silly get     age: '0',
22 silly get     connection: 'keep-alive',
22 silly get     'x-served-by': 'cache-fra1239-FRA',
22 silly get     'x-cache': 'MISS',
22 silly get     'x-cache-hits': '0',
22 silly get     'x-timer': 'S1449055534.177365,VS0,VE706',
22 silly get     vary: 'Accept' } ]
23 verbose get saving cloc to /Users/andreymikhaylov/.npm/registry.npmjs.org/cloc/.cache.json
24 silly addNameRange number 2 { name: 'cloc', range: '*', hasData: true }
25 silly addNameRange versions [ 'cloc',
25 silly addNameRange   [ '1.0.0-beta.0',
25 silly addNameRange     '1.0.0-beta.1',
25 silly addNameRange     '1.0.0',
25 silly addNameRange     '1.0.1',
25 silly addNameRange     '1.0.2',
25 silly addNameRange     '1.0.3',
25 silly addNameRange     '1.0.4' ] ]
26 verbose addNamed cloc@1.0.4
27 silly addNamed semver.valid 1.0.4
28 silly addNamed semver.validRange 1.0.4
29 silly mapToRegistry name cloc
30 silly mapToRegistry using default registry
31 silly mapToRegistry registry https://registry.npmjs.org/
32 silly mapToRegistry uri https://registry.npmjs.org/cloc
33 verbose addRemoteTarball https://registry.npmjs.org/cloc/-/cloc-1.0.4.tgz not in flight; adding
34 verbose addRemoteTarball [ 'https://registry.npmjs.org/cloc/-/cloc-1.0.4.tgz',
34 verbose addRemoteTarball   '98ec937b36642a8394702dbf584e989996d69fa0' ]
35 info retry fetch attempt 1 at 2:25:35 PM
36 info attempt registry request try #1 at 2:25:35 PM
37 http fetch GET https://registry.npmjs.org/cloc/-/cloc-1.0.4.tgz
38 http fetch 200 https://registry.npmjs.org/cloc/-/cloc-1.0.4.tgz
39 silly fetchAndShaCheck shasum 98ec937b36642a8394702dbf584e989996d69fa0
40 verbose addTmpTarball /var/folders/r9/h60x_30d0n53dw9j8dhsy27c0000gn/T/npm-83484-be76849b/registry.npmjs.org/cloc/-/cloc-1.0.4.tgz not in flight; adding
41 verbose addTmpTarball already have metadata; skipping unpack for cloc@1.0.4
42 silly cache afterAdd cloc@1.0.4
43 verbose afterAdd /Users/andreymikhaylov/.npm/cloc/1.0.4/package/package.json not in flight; writing
44 verbose afterAdd /Users/andreymikhaylov/.npm/cloc/1.0.4/package/package.json written
45 silly install resolved [ { name: 'cloc',
45 silly install resolved     version: '1.0.4',
45 silly install resolved     description: 'An npm module for distributing cloc by Al Danial http://cloc.sourceforge.net/',
45 silly install resolved     main: 'lib/cloc',
45 silly install resolved     scripts:
45 silly install resolved      { release: 'with-package git commit -am pkg.version && with-package git tag pkg.version && git push && npm publish && git push --tags',
45 silly install resolved        'release:beta': 'npm run release && npm run tag:beta',
45 silly install resolved        'tag:beta': 'with-package npm dist-tag add pkg.name@pkg.version beta',
45 silly install resolved        test: 'echo "Error: no test specified" && exit 1' },
45 silly install resolved     bin: { cloc: 'lib/cloc' },
45 silly install resolved     repository: { type: 'git', url: 'git://github.com/kentcdodds/cloc.git' },
45 silly install resolved     keywords: [ 'cloc', 'count lines of code', 'lines of code', 'loc' ],
45 silly install resolved     author:
45 silly install resolved      { name: 'Kent C. Dodds',
45 silly install resolved        email: 'kent@doddsfamily.us',
45 silly install resolved        url: 'http://kentcdodds.com' },
45 silly install resolved     license: 'MIT',
45 silly install resolved     bugs: { url: 'https://github.com/kentcdodds/cloc/issues' },
45 silly install resolved     homepage: 'https://github.com/kentcdodds/cloc#readme',
45 silly install resolved     devDependencies: { 'with-package': '0.2.0' },
45 silly install resolved     gitHead: '4d37c5a80a4e599ab7f5fb9384935ff7de27df8e',
45 silly install resolved     _id: 'cloc@1.0.4',
45 silly install resolved     _shasum: '98ec937b36642a8394702dbf584e989996d69fa0',
45 silly install resolved     _from: 'cloc@*',
45 silly install resolved     _npmVersion: '3.0.0',
45 silly install resolved     _nodeVersion: '1.8.2',
45 silly install resolved     _npmUser: { name: 'kentcdodds', email: 'kent@doddsfamily.us' },
45 silly install resolved     maintainers: [ [Object] ],
45 silly install resolved     dist:
45 silly install resolved      { shasum: '98ec937b36642a8394702dbf584e989996d69fa0',
45 silly install resolved        tarball: 'http://registry.npmjs.org/cloc/-/cloc-1.0.4.tgz' },
45 silly install resolved     directories: {},
45 silly install resolved     _resolved: 'https://registry.npmjs.org/cloc/-/cloc-1.0.4.tgz' } ]
46 info install cloc@1.0.4 into /usr/local/lib
47 info installOne cloc@1.0.4
48 verbose installOne of cloc to /usr/local/lib not in flight; installing
49 verbose lock using /Users/andreymikhaylov/.npm/_locks/cloc-93ce6ac6ba5d589b.lock for /usr/local/lib/node_modules/cloc
50 silly install write writing cloc 1.0.4 to /usr/local/lib/node_modules/cloc
51 silly cache addNamed cb cloc@1.0.4
52 verbose unbuild lib/node_modules/cloc
53 silly gentlyRm /usr/local/lib/node_modules/cloc is being purged from base /usr/local
54 verbose gentlyRm don't care about contents; nuking /usr/local/lib/node_modules/cloc
55 verbose tar unpack /Users/andreymikhaylov/.npm/cloc/1.0.4/package.tgz
56 verbose tar unpacking to /usr/local/lib/node_modules/cloc
57 silly gentlyRm /usr/local/lib/node_modules/cloc is being purged
58 verbose gentlyRm don't care about contents; nuking /usr/local/lib/node_modules/cloc
59 silly gunzTarPerm modes [ '755', '644' ]
60 error tar.unpack untar error /Users/andreymikhaylov/.npm/cloc/1.0.4/package.tgz
61 verbose unlock done using /Users/andreymikhaylov/.npm/_locks/cloc-93ce6ac6ba5d589b.lock for /usr/local/lib/node_modules/cloc
62 verbose fstream_path /usr/local/lib/node_modules/cloc
63 verbose fstream_type Directory
64 verbose fstream_class DirWriter
65 verbose stack Error: EACCES, mkdir '/usr/local/lib/node_modules/cloc'
65 verbose stack     at Error (native)
66 verbose fstream_stack /usr/local/lib/node_modules/npm/node_modules/fstream/lib/dir-writer.js:36:23
66 verbose fstream_stack /usr/local/lib/node_modules/npm/node_modules/mkdirp/index.js:46:53
66 verbose fstream_stack FSReqWrap.oncomplete (fs.js:95:15)
67 verbose cwd /Users/andreymikhaylov/Dropbox/developer/ZP
68 error Darwin 15.0.0
69 error argv "node" "/usr/local/bin/npm" "install" "-g" "cloc"
70 error node v0.12.2
71 error npm  v2.7.4
72 error path /usr/local/lib/node_modules/cloc
73 error code EACCES
74 error errno -13
75 error Error: EACCES, mkdir '/usr/local/lib/node_modules/cloc'
75 error     at Error (native)
75 error  { [Error: EACCES, mkdir '/usr/local/lib/node_modules/cloc']
75 error   errno: -13,
75 error   code: 'EACCES',
75 error   path: '/usr/local/lib/node_modules/cloc',
75 error   fstream_type: 'Directory',
75 error   fstream_path: '/usr/local/lib/node_modules/cloc',
75 error   fstream_class: 'DirWriter',
75 error   fstream_stack:
75 error    [ '/usr/local/lib/node_modules/npm/node_modules/fstream/lib/dir-writer.js:36:23',
75 error      '/usr/local/lib/node_modules/npm/node_modules/mkdirp/index.js:46:53',
75 error      'FSReqWrap.oncomplete (fs.js:95:15)' ] }
76 error Please try running this command again as root/Administrator.
77 verbose exit [ -13, true ]
78 verbose unbuild lib/node_modules/cloc
79 silly gentlyRm /usr/local/lib/node_modules/cloc is being purged from base /usr/local
80 verbose gentlyRm don't care about contents; nuking /usr/local/lib/node_modules/cloc
